0,0
50,1
100,2
150,5
200,9
250,11
300,15
350,17
400,23
450,25
500,17
550,19
600,20
650,22
700,23
750,25
800,30
850,33
900,34
950,36
1000,43
1050,45
1100,47
1150,48
1200,50
1250,54
1300,57
1350,57
1400,63
1450,66
1500,69
1550,71
1600,76
1650,80
1700,85
1750,87
1800,90
1850,104
1900,103
1950,105
2000,110
2050,109
2100,112
2150,118
2200,125
2250,134
2300,136
2350,139
2400,140
2450,143
2500,149
2550,149
2600,154
2650,158
2700,157
2750,162
2800,166
2850,178
2900,182
2950,186
3000,182
3050,185
3100,191
3150,201
3200,200
3250,199
3300,206
3350,212
3400,213
3450,218
3500,228
3550,229
3600,235
3650,239
3700,255
3750,272
3800,263
3850,275
3900,278
3950,278
4000,284
4050,289
4100,286
4150,288
4200,290
4250,293
4300,309
4350,303
4400,301
4450,309
4500,327
4550,328
4600,336
4650,338
4700,344
4750,341
4800,344
4850,346
4900,354
4950,353
5000,358
5050,381
5100,381
5150,388
5200,389
5250,392
5300,399
5350,421
5400,426
5450,429
5500,430
5550,451
5600,441
5650,452
5700,452
5750,455
5800,463
5850,463
5900,465
5950,467
6000,471
6050,473
6100,493
6150,485
6200,490
6250,514
6300,525
6350,525
6400,536
6450,540
6500,583
6550,565
6600,564
6650,570
6700,564
6750,570
6800,567
6850,579
6900,591
6950,595
7000,606
7050,621
7100,613
7150,616
7200,616
7250,630
7300,644
7350,628
7400,628
7450,635
7500,673
7550,767
7600,766
7650,780
7700,763
7750,688
7800,672
7850,676
7900,678
7950,708
8000,712
8050,826
8100,861
8150,799
8200,730
8250,772
8300,859
8350,849
8400,811
8450,783
8500,826
8550,837
8600,802
8650,778
8700,791
8750,828
8800,826
8850,809
8900,792
8950,806
9000,845
9050,848
9100,846
9150,812
9200,827
9250,867
9300,872
9350,839
9400,841
9450,913
9500,927
9550,918
9600,909
9650,894
9700,942
9750,950
9800,911
9850,953
9900,963
9950,963
10000,944
10050,979
10100,980
10150,951
10200,983
10250,985
10300,982
10350,990
10400,993
10450,996
10500,1025
10550,1009
10600,1017
10650,1086
10700,1076
10750,1102
10800,1098
10850,1089
10900,1102
10950,1089
11000,1107
11050,1112
11100,1137
11150,1120
11200,1116
11250,1132
11300,1131
11350,1122
11400,1135
11450,1180
11500,1220
11550,1213
11600,1202
11650,1194
11700,1203
11750,1239
11800,1236
11850,1219
11900,1292
11950,1334
12000,1276
12050,1278
12100,1283
12150,1307
12200,1300
12250,1291
12300,1301
12350,1323
12400,1330
12450,1315
12500,1334
12550,1349
12600,1341
12650,1344
12700,1355
12750,1371
12800,1402
12850,1408
12900,1407
12950,1441
13000,1425
13050,1441
13100,1436
13150,1463
13200,1450
13250,1451
13300,1466
13350,1480
13400,1462
13450,1473
13500,1474
13550,1508
13600,1489
13650,1510
13700,1510
13750,1524
13800,1512
13850,1521
13900,1534
13950,1549
14000,1527
14050,1571
14100,1563
14150,1550
14200,1548
14250,1546
14300,1578
14350,1565
14400,1566
14450,1573
14500,1593
14550,1598
14600,1595
14650,1590
14700,1629
14750,1619
14800,1614
14850,1615
14900,1647
14950,1633
15000,1645
15050,1638
15100,1666
15150,1655
15200,1668
15250,1659
15300,1702
15350,1679
15400,1677
15450,1702
15500,1734
15550,1709
15600,1732
15650,1731
15700,1796
15750,1731
15800,1753
15850,1734
15900,1742
15950,1755
16000,1745
16050,1746
16100,1775
16150,1854
16200,1867
16250,1841
16300,1840
16350,1859
16400,1865
16450,1851
16500,1852
16550,1891
16600,1880
16650,1891
16700,1942
16750,1881
16800,1894
16850,1905
16900,1995
16950,1910
17000,1936
17050,1913
17100,1930
17150,1949
17200,1983
17250,2009
17300,2037
17350,2081
17400,2049
17450,2036
17500,2037
17550,2033
17600,2045
17650,2043
17700,2050
17750,2064
17800,2063
17850,2073
17900,2077
17950,2101
18000,2105
18050,2116
18100,2098
18150,2112
18200,2126
18250,2108
18300,2129
18350,2126
18400,2143
18450,2167
18500,2138
18550,2162
18600,2170
18650,2168
18700,2166
18750,2184
18800,2248
18850,2250
18900,2275
18950,2258
19000,2255
19050,2277
19100,2282
19150,2274
19200,2308
19250,2287
19300,2287
19350,2400
19400,2384
19450,2385
19500,2421
19550,2398
19600,2392
19650,2434
19700,2404
19750,2432
19800,2442
19850,2439
19900,2428
19950,2455
20000,2444
20050,2447
20100,2468
20150,2482
20200,2466
20250,2502
20300,2490
20350,2482
20400,2510
20450,2512
20500,2525
20550,2538
20600,2512
20650,2533
20700,2543
20750,2567
20800,2553
20850,2570
20900,2547
20950,2587
21000,2566
21050,2611
21100,2598
21150,2603
21200,2588
21250,2627
21300,2608
21350,2630
21400,2605
21450,2641
21500,2638
21550,2654
21600,2650
21650,2664
21700,2656
21750,2681
21800,2667
21850,2683
21900,2685
21950,2694
22000,2687
22050,2720
22100,2700
22150,2741
22200,2709
22250,2824
22300,2808
22350,2826
22400,2811
22450,2852
22500,2820
22550,2855
22600,2847
22650,2883
22700,2868
22750,2876
22800,2870
22850,2985
22900,3088
22950,3020
23000,3084
23050,3112
23100,3120
23150,3071
23200,3134
23250,3098
23300,3007
23350,3037
23400,3025
23450,3067
23500,3028
23550,3053
23600,3056
23650,3053
23700,3067
23750,3081
23800,3082
23850,3097
23900,3107
23950,3100
24000,3108
24050,3111
24100,3126
24150,3125
24200,3142
24250,3144
24300,3196
24350,3278
24400,3220
24450,3248
24500,3229
24550,3211
24600,3220
24650,3312
24700,3290
24750,3308
24800,3366
24850,3334
24900,3438
24950,3307
25000,3369
25050,3317
25100,3367
25150,3331
25200,3381
25250,3338
25300,3446
25350,3431
25400,3385
25450,3360
25500,3405
25550,3395
25600,3413
25650,3382
25700,3413
25750,3415
25800,3419
25850,3421
25900,3450
25950,3438
26000,3451
26050,3460
26100,3457
26150,3451
26200,3511
26250,3469
26300,3491
26350,3478
26400,3521
26450,3502
26500,3529
26550,3516
26600,3633
26650,3606
26700,3636
26750,3642
26800,3656
26850,3644
26900,3663
26950,3659
27000,3690
27050,3679
27100,3708
27150,3679
27200,3730
27250,3703
27300,3722
27350,3696
27400,3754
27450,3720
27500,3740
27550,3723
27600,3763
27650,3751
27700,3756
27750,3763
27800,3786
27850,3771
27900,3898
27950,3890
28000,3910
28050,3890
28100,3937
28150,3903
28200,3937
28250,3913
28300,3942
28350,3929
28400,4051
28450,3990
28500,3980
28550,3970
28600,4019
28650,4000
28700,4027
28750,4028
28800,4040
28850,4015
28900,4037
28950,4030
29000,4067
29050,4035
29100,4079
29150,4058
29200,4086
29250,4078
29300,4087
29350,4092
29400,4112
29450,4073
29500,4118
29550,4095
29600,4134
29650,4112
29700,4157
29750,4132
29800,4150
29850,4142
29900,4165
29950,4260
30000,4310
30050,4278
30100,4298
30150,4283
30200,4316
30250,4321
30300,4349
30350,4303
30400,4350
30450,4323
30500,4379
30550,4363
30600,4370
30650,4342
30700,4400
30750,4389
30800,4398
30850,4378
30900,4420
30950,4398
31000,4434
31050,4401
31100,4447
31150,4421
31200,4480
31250,4451
31300,4462
31350,4457
31400,4487
31450,4488
31500,4494
31550,4474
31600,4515
31650,4497
31700,4536
31750,4516
31800,4540
31850,4511
31900,4554
31950,4533
32000,4566
32050,4649
32100,4706
32150,4681
32200,4714
32250,4703
32300,4718
32350,4703
32400,4734
32450,4727
32500,4761
32550,4738
32600,4764
32650,4738
32700,4791
32750,4757
32800,4917
32850,4915
32900,4939
32950,4918
33000,4955
33050,4913
33100,4949
33150,4939
33200,4989
33250,4974
33300,5004
33350,4962
33400,4989
33450,5012
33500,5027
33550,5024
33600,5054
33650,5043
33700,5054
33750,5078
33800,5052
33850,5075
33900,5078
33950,5076
34000,5092
34050,5107
34100,5098
34150,5121
34200,5135
34250,5147
34300,5136
34350,5150
34400,5160
34450,5146
34500,5176
34550,5168
34600,5149
34650,5206
34700,5234
34750,5224
34800,5234
34850,5218
34900,5228
34950,5220
35000,5236
35050,5231
35100,5255
35150,5258
35200,5270
35250,5279
35300,5293
35350,5278
35400,5292
35450,5316
35500,5331
35550,5309
35600,5330
35650,5350
35700,5340
35750,5330
35800,5344
35850,5360
35900,5361
35950,5376
36000,5370
36050,5384
36100,5401
36150,5399
36200,5401
36250,5424
36300,5429
36350,5447
36400,5443
36450,5445
36500,5570
36550,5584
36600,5593
36650,5603
36700,5604
36750,5614
36800,5620
36850,5642
36900,5692
36950,5928
37000,5926
37050,5983
37100,5979
37150,5976
37200,5859
37250,6013
37300,6019
37350,5939
37400,6048
37450,6286
37500,5866
37550,6081
37600,5831
37650,5908
37700,5925
37750,5923
37800,5920
37850,5917
37900,5957
37950,5940
38000,5935
38050,5947
38100,5982
38150,5992
38200,5983
38250,6018
38300,5964
38350,6011
38400,6013
38450,6000
38500,6026
38550,5987
38600,6033
38650,6032
38700,6048
38750,6084
38800,6052
38850,6221
38900,6216
38950,6249
39000,6257
39050,6235
39100,6281
39150,6265
39200,6248
39250,6266
39300,6292
39350,6303
39400,6283
39450,6314
39500,6308
39550,6325
39600,6370
39650,6528
39700,6490
39750,6486
39800,6472
39850,6517
39900,6502
39950,6544
40000,6510
40050,6539
40100,6567
40150,6541
40200,6592
40250,6588
40300,6590
40350,6567
40400,6592
40450,6588
40500,6636
40550,6635
40600,6620
40650,6639
40700,6635
40750,6673
40800,6649
40850,6657
40900,6673
40950,6678
41000,6683
41050,6700
41100,6716
41150,6687
41200,6723
41250,6734
41300,6734
41350,6752
41400,6747
41450,6739
41500,6771
41550,6764
41600,6783
41650,6822
41700,6796
41750,6802
41800,6826
41850,6807
41900,6819
41950,6818
42000,6823
42050,6819
42100,6881
42150,6850
42200,6878
42250,6857
42300,6898
42350,6891
42400,6912
42450,6915
42500,6929
42550,6908
42600,6942
42650,6920
42700,6947
42750,6965
42800,6951
42850,6976
42900,7342
42950,7470
43000,7224
43050,7119
43100,7023
43150,7057
43200,7031
43250,7030
43300,7044
43350,7035
43400,7061
43450,7069
43500,7058
43550,7091
43600,7084
43650,7074
43700,7119
43750,7124
43800,7122
43850,7132
43900,7152
43950,7158
44000,7151
44050,7140
44100,7142
44150,7159
44200,7182
44250,7213
44300,7201
44350,7231
44400,7214
44450,7216
44500,7236
44550,7375
44600,7397
44650,7413
44700,7414
44750,7629
44800,7570
44850,7472
44900,7488
44950,7483
45000,7515
45050,7497
45100,7519
45150,7511
45200,7537
45250,7517
45300,7506
45350,7550
45400,7555
45450,7567
45500,7571
45550,7554
45600,7590
45650,7580
45700,7597
45750,7600
45800,7609
45850,7594
45900,7621
45950,7597
46000,7623
46050,7638
46100,7641
46150,7682
46200,7661
46250,7672
46300,7753
46350,7917
46400,7715
46450,7734
46500,7735
46550,7767
46600,7779
46650,7751
46700,7763
46750,7766
46800,7772
46850,7784
46900,7802
46950,7812
47000,7808
47050,7787
47100,7870
47150,7820
47200,7848
47250,7873
47300,7825
47350,7899
47400,7878
47450,7859
47500,7916
47550,8139
47600,7960
47650,8012
47700,8057
47750,8108
47800,8161
47850,8186
47900,8440
47950,8576
48000,8405
48050,8462
48100,8410
48150,8465
48200,8514
48250,8417
48300,8487
48350,8602
48400,8531
48450,8508
48500,8570
48550,8576
48600,8858
48650,8703
48700,8775
48750,8880
48800,8720
48850,8571
48900,8498
48950,8514
49000,8502
49050,8462
49100,8492
49150,8533
49200,8510
49250,8507
49300,8524
49350,8573
49400,8549
49450,8540
49500,8599
49550,8631
49600,8720
49650,8668
49700,8627
49750,8763
49800,8765
49850,8780
49900,8794
49950,8794
50000,8934
